2022-03-09 17:31:16.824  INFO 14776 --- [main] com.example.demo.DemoApplication         : Starting DemoApplication using Java 1.8.0_221 on DESKTOP-8LLDCBD with PID 14776 (C:\Users\xiaohei\Desktop\dem\target\classes started by xiaohei in C:\Users\xiaohei\Desktop\dem)
2022-03-09 17:31:16.830  INFO 14776 --- [main] com.example.demo.DemoApplication         : No active profile set, falling back to default profiles: default
2022-03-09 17:31:16.897  WARN 14776 --- [background-preinit] o.s.h.c.j.Jackson2ObjectMapperBuilder    : For Jackson Kotlin classes support please add "com.fasterxml.jackson.module:jackson-module-kotlin" to the classpath
2022-03-09 17:31:17.630  INFO 14776 --- [main] o.s.b.w.embedded.tomcat.TomcatWebServer  : Tomcat initialized with port(s): 8088 (http)
2022-03-09 17:31:17.630  INFO 14776 --- [main] o.apache.catalina.core.StandardService   : Starting service [Tomcat]
2022-03-09 17:31:17.630  INFO 14776 --- [main] org.apache.catalina.core.StandardEngine  : Starting Servlet engine: [Apache Tomcat/9.0.41]
2022-03-09 17:31:17.736  INFO 14776 --- [main] o.a.c.c.C.[Tomcat].[localhost].[/]       : Initializing Spring embedded WebApplicationContext
2022-03-09 17:31:17.737  INFO 14776 --- [main] w.s.c.ServletWebServerApplicationContext : Root WebApplicationContext: initialization completed in 863 ms
2022-03-09 17:31:17.857  INFO 14776 --- [main] c.a.d.s.b.a.DruidDataSourceAutoConfigure : Init DruidDataSource
2022-03-09 17:31:17.953  INFO 14776 --- [main] com.alibaba.druid.pool.DruidDataSource   : {dataSource-1} inited
2022-03-09 17:31:18.413  INFO 14776 --- [main] o.s.s.concurrent.ThreadPoolTaskExecutor  : Initializing ExecutorService 'applicationTaskExecutor'
2022-03-09 17:31:18.459  INFO 14776 --- [main] o.s.b.a.w.s.WelcomePageHandlerMapping    : Adding welcome page template: index
2022-03-09 17:31:18.581  INFO 14776 --- [main] o.s.s.c.ThreadPoolTaskScheduler          : Initializing ExecutorService 'taskScheduler'
2022-03-09 17:31:18.612  INFO 14776 --- [main] o.s.b.w.embedded.tomcat.TomcatWebServer  : Tomcat started on port(s): 8088 (http) with context path ''
2022-03-09 17:31:18.628  INFO 14776 --- [scheduling-1] com.example.demo.schedule.HotTagTasks    : hotTagSchedule start Wed Mar 09 17:31:18 CST 2022
2022-03-09 17:31:18.628  INFO 14776 --- [main] com.example.demo.DemoApplication         : Started DemoApplication in 2.13 seconds (JVM running for 2.991)
2022-03-09 17:31:18.932  INFO 14776 --- [scheduling-1] com.example.demo.schedule.HotTagTasks    : hotTagSchedule stop Wed Mar 09 17:31:18 CST 2022
2022-03-09 17:31:49.090  INFO 14776 --- [http-nio-8088-exec-1] o.apache.tomcat.util.http.parser.Cookie  : A cookie header was received [1638251882,1638255264,1638287340; Idea-a1ad550f=e8b0af9f-18b8-49f2-9729-945373f5d507; token=e1581dbe-ad2e-4e3b-bfb2-3612d2df9e4d] that contained an invalid cookie. That cookie will be ignored.
 Note: further occurrences of this error will be logged at DEBUG level.
2022-03-09 17:31:49.096  INFO 14776 --- [http-nio-8088-exec-1] o.a.c.c.C.[Tomcat].[localhost].[/]       : Initializing Spring DispatcherServlet 'dispatcherServlet'
2022-03-09 17:31:49.096  INFO 14776 --- [http-nio-8088-exec-1] o.s.web.servlet.DispatcherServlet        : Initializing Servlet 'dispatcherServlet'
2022-03-09 17:31:49.097  INFO 14776 --- [http-nio-8088-exec-1] o.s.web.servlet.DispatcherServlet        : Completed initialization in 1 ms
2022-03-09 22:06:36.127  INFO 15296 --- [main] com.example.demo.DemoApplication         : Starting DemoApplication using Java 1.8.0_221 on DESKTOP-8LLDCBD with PID 15296 (C:\Users\xiaohei\Desktop\dem\target\classes started by xiaohei in C:\Users\xiaohei\Desktop\dem)
2022-03-09 22:06:36.127  INFO 15296 --- [main] com.example.demo.DemoApplication         : No active profile set, falling back to default profiles: default
2022-03-09 22:06:36.205  WARN 15296 --- [background-preinit] o.s.h.c.j.Jackson2ObjectMapperBuilder    : For Jackson Kotlin classes support please add "com.fasterxml.jackson.module:jackson-module-kotlin" to the classpath
2022-03-09 22:06:36.985  INFO 15296 --- [main] o.s.b.w.embedded.tomcat.TomcatWebServer  : Tomcat initialized with port(s): 8088 (http)
2022-03-09 22:06:36.985  INFO 15296 --- [main] o.apache.catalina.core.StandardService   : Starting service [Tomcat]
2022-03-09 22:06:36.985  INFO 15296 --- [main] org.apache.catalina.core.StandardEngine  : Starting Servlet engine: [Apache Tomcat/9.0.41]
2022-03-09 22:06:37.079  INFO 15296 --- [main] o.a.c.c.C.[Tomcat].[localhost].[/]       : Initializing Spring embedded WebApplicationContext
2022-03-09 22:06:37.079  INFO 15296 --- [main] w.s.c.ServletWebServerApplicationContext : Root WebApplicationContext: initialization completed in 905 ms
2022-03-09 22:06:37.189  INFO 15296 --- [main] c.a.d.s.b.a.DruidDataSourceAutoConfigure : Init DruidDataSource
2022-03-09 22:06:37.329  INFO 15296 --- [main] com.alibaba.druid.pool.DruidDataSource   : {dataSource-1} inited
2022-03-09 22:06:37.954  INFO 15296 --- [main] o.s.s.concurrent.ThreadPoolTaskExecutor  : Initializing ExecutorService 'applicationTaskExecutor'
2022-03-09 22:06:38.032  INFO 15296 --- [main] o.s.b.a.w.s.WelcomePageHandlerMapping    : Adding welcome page template: index
2022-03-09 22:06:38.204  INFO 15296 --- [main] o.s.s.c.ThreadPoolTaskScheduler          : Initializing ExecutorService 'taskScheduler'
2022-03-09 22:06:38.266  INFO 15296 --- [main] o.s.b.w.embedded.tomcat.TomcatWebServer  : Tomcat started on port(s): 8088 (http) with context path ''
2022-03-09 22:06:38.266  INFO 15296 --- [scheduling-1] com.example.demo.schedule.HotTagTasks    : hotTagSchedule start Wed Mar 09 22:06:38 CST 2022
2022-03-09 22:06:38.266  INFO 15296 --- [main] com.example.demo.DemoApplication         : Started DemoApplication in 2.494 seconds (JVM running for 3.522)
2022-03-09 22:06:38.751  INFO 15296 --- [scheduling-1] com.example.demo.schedule.HotTagTasks    : hotTagSchedule stop Wed Mar 09 22:06:38 CST 2022
2022-03-09 22:06:45.871  INFO 15296 --- [http-nio-8088-exec-1] o.apache.tomcat.util.http.parser.Cookie  : A cookie header was received [1638251882,1638255264,1638287340; Idea-a1ad550f=e8b0af9f-18b8-49f2-9729-945373f5d507; token=e1581dbe-ad2e-4e3b-bfb2-3612d2df9e4d] that contained an invalid cookie. That cookie will be ignored.
 Note: further occurrences of this error will be logged at DEBUG level.
2022-03-09 22:06:45.879  INFO 15296 --- [http-nio-8088-exec-1] o.a.c.c.C.[Tomcat].[localhost].[/]       : Initializing Spring DispatcherServlet 'dispatcherServlet'
2022-03-09 22:06:45.879  INFO 15296 --- [http-nio-8088-exec-1] o.s.web.servlet.DispatcherServlet        : Initializing Servlet 'dispatcherServlet'
2022-03-09 22:06:45.881  INFO 15296 --- [http-nio-8088-exec-1] o.s.web.servlet.DispatcherServlet        : Completed initialization in 2 ms
